Using pre-set license
Built from '2020.3/staging' branch; Version is '2020.3.26f1 (7298b473bc1a) revision 7510196'; Using compiler version '192528614'; Build Type 'Release'
OS: 'Windows 10  (10.0.19043) 64bit CoreSingleLanguage' Language: 'es' Physical Memory: 11729 MB
BatchMode: 1, IsHumanControllingUs: 0, StartBugReporterOnCrash: 0, Is64bit: 1, IsPro: 0

COMMAND LINE ARGUMENTS:
C:\Program Files\Unity\Hub\Editor\2020.3.26f1\Editor\Unity.exe
-adb2
-batchMode
-noUpm
-name
AssetImportWorker23
-projectPath
C:/Users/erne_/OneDrive/Documentos/Project_Pijama/Project Pijama
-logFile
Logs/AssetImportWorker23.log
-srvPort
62199
Successfully changed project path to: C:/Users/erne_/OneDrive/Documentos/Project_Pijama/Project Pijama
C:/Users/erne_/OneDrive/Documentos/Project_Pijama/Project Pijama
Using Asset Import Pipeline V2.
Refreshing native plugins compatible for Editor in 4072.45 ms, found 3 plugins.
Preloading 0 native plugins for Editor in 0.00 ms.
Initialize engine version: 2020.3.26f1 (7298b473bc1a)
[Subsystems] Discovering subsystems at path C:/Program Files/Unity/Hub/Editor/2020.3.26f1/Editor/Data/Resources/UnitySubsystems
[Subsystems] Discovering subsystems at path C:/Users/erne_/OneDrive/Documentos/Project_Pijama/Project Pijama/Assets
GfxDevice: creating device client; threaded=0
